Arguments: 
  /usr/local/bin/node /home/igliu/.yarn/bin/yarn.js add react

PATH: 
  /home/igliu/.yarn/bin:/home/igliu/.config/yarn/global/node_modules/.bin:/home/igliu/Documents/@javascript/design-by-voice/node_modules/.bin:/usr/local/bin:/usr/bin:/bin:/usr/sbin:/sbin:/home/igliu/.yarn/bin:/home/igliu/.config/yarn/global/node_modules/.bin:/home/igliu/node_modules/.bin:/usr/local/bin:/usr/bin:/bin:/usr/sbin:/sbin:/usr/local/bin:/usr/local/sbin:/usr/bin:/usr/sbin:/home/igliu/bin:/home/igliu/bin

Yarn version: 
  1.7.0

Node version: 
  8.11.3

Platform: 
  linux x64

Trace: 
  Error: getaddrinfo ENOTFOUND registry.yarnpkg.com registry.yarnpkg.com:443
      at errnoException (dns.js:50:10)
      at GetAddrInfoReqWrap.onlookup [as oncomplete] (dns.js:92:26)

npm manifest: 
  {
    "name": "design-by-voice",
    "version": "1.0.0",
    "description": "",
    "main": "index.js",
    "scripts": {
      "test": "echo \"Error: no test specified\" && exit 1"
    },
    "author": "",
    "license": "ISC"
  }

yarn manifest: 
  No manifest

Lockfile: 
  No lockfile
